  Assessment1B.cpp
E:\myObj\COMP3011_Computer_Graphics\COMP3011_Computer_Graphics\Assessment1B\Assessment1B\do_not_edit.h(96,34): warning C4267: “参数”: 从“size_t”转换到“_Ty”，可能丢失数据
E:\myObj\COMP3011_Computer_Graphics\COMP3011_Computer_Graphics\Assessment1B\Assessment1B\do_not_edit.h(96,34): warning C4267:         with
E:\myObj\COMP3011_Computer_Graphics\COMP3011_Computer_Graphics\Assessment1B\Assessment1B\do_not_edit.h(96,34): warning C4267:         [
E:\myObj\COMP3011_Computer_Graphics\COMP3011_Computer_Graphics\Assessment1B\Assessment1B\do_not_edit.h(96,34): warning C4267:             _Ty=unsigned int
E:\myObj\COMP3011_Computer_Graphics\COMP3011_Computer_Graphics\Assessment1B\Assessment1B\do_not_edit.h(96,34): warning C4267:         ]
  (编译源文件“Assessment1B.cpp”)
  
E:\myObj\COMP3011_Computer_Graphics\COMP3011_Computer_Graphics\Assessment1B\Assessment1B\do_not_edit.h(148,9): warning C4477: “printf”: 格式字符串“%d”需要类型“int”的参数，但可变参数 2 拥有了类型“unsigned __int64”
  (编译源文件“Assessment1B.cpp”)
      E:\myObj\COMP3011_Computer_Graphics\COMP3011_Computer_Graphics\Assessment1B\Assessment1B\do_not_edit.h(148,9):
      请考虑在格式字符串中使用“%zd”
  
E:\myObj\COMP3011_Computer_Graphics\COMP3011_Computer_Graphics\Assessment1B\Assessment1B\do_not_edit.h(160,87): warning C4244: “=”: 从“float”转换到“char”，可能丢失数据
  (编译源文件“Assessment1B.cpp”)
  
E:\myObj\COMP3011_Computer_Graphics\COMP3011_Computer_Graphics\Assessment1B\Assessment1B\do_not_edit.h(161,87): warning C4244: “=”: 从“float”转换到“char”，可能丢失数据
  (编译源文件“Assessment1B.cpp”)
  
E:\myObj\COMP3011_Computer_Graphics\COMP3011_Computer_Graphics\Assessment1B\Assessment1B\do_not_edit.h(162,87): warning C4244: “=”: 从“float”转换到“char”，可能丢失数据
  (编译源文件“Assessment1B.cpp”)
  
E:\myObj\COMP3011_Computer_Graphics\COMP3011_Computer_Graphics\Assessment1B\Assessment1B\raytrace.h(147,19): warning C4244: “初始化”: 从“float”转换到“int”，可能丢失数据
  (编译源文件“Assessment1B.cpp”)
  
E:\myObj\COMP3011_Computer_Graphics\COMP3011_Computer_Graphics\Assessment1B\Assessment1B\raytrace.h(152,40): warning C4244: “参数”: 从“int”转换到“float”，可能丢失数据
  (编译源文件“Assessment1B.cpp”)
  
E:\myObj\COMP3011_Computer_Graphics\COMP3011_Computer_Graphics\Assessment1B\Assessment1B\raytrace.h(152,31): warning C4244: “参数”: 从“int”转换到“float”，可能丢失数据
  (编译源文件“Assessment1B.cpp”)
  
E:\myObj\COMP3011_Computer_Graphics\COMP3011_Computer_Graphics\Assessment1B\Assessment1B\do_not_edit.h(150,1): warning C4715: “obj_parse”: 不是所有的控件路径都返回值
  Assessment1B.vcxproj -> E:\myObj\COMP3011_Computer_Graphics\COMP3011_Computer_Graphics\Assessment1B\x64\Debug\Assessment1B.exe
